(turn,f1,f2,f3,f4)
0:(1,-1,-1,-1,-1)
1:(1,-1,-1,-1,0)
2:(1,-1,-1,-1,1)
3:(1,-1,-1,0,-1)
4:(1,-1,-1,0,0)
5:(1,-1,-1,0,1)
6:(1,-1,-1,1,-1)
7:(1,-1,-1,1,0)
8:(1,-1,-1,1,1)
9:(1,-1,0,-1,-1)
10:(1,-1,0,-1,0)
11:(1,-1,0,-1,1)
12:(1,-1,0,0,-1)
13:(1,-1,0,0,0)
14:(1,-1,0,0,1)
15:(1,-1,0,1,-1)
16:(1,-1,0,1,0)
17:(1,-1,0,1,1)
18:(1,-1,1,-1,-1)
19:(1,-1,1,-1,0)
20:(1,-1,1,-1,1)
21:(1,-1,1,0,-1)
22:(1,-1,1,0,0)
23:(1,-1,1,0,1)
24:(1,-1,1,1,-1)
25:(1,-1,1,1,0)
26:(1,-1,1,1,1)
27:(1,0,-1,-1,-1)
28:(1,0,-1,-1,0)
29:(1,0,-1,-1,1)
30:(1,0,-1,0,-1)
31:(1,0,-1,0,0)
32:(1,0,-1,0,1)
33:(1,0,-1,1,-1)
34:(1,0,-1,1,0)
35:(1,0,-1,1,1)
36:(1,0,0,-1,-1)
37:(1,0,0,-1,0)
38:(1,0,0,-1,1)
39:(1,0,0,0,-1)
40:(1,0,0,0,0)
41:(1,0,0,0,1)
42:(1,0,0,1,-1)
43:(1,0,0,1,0)
44:(1,0,0,1,1)
45:(1,0,1,-1,-1)
46:(1,0,1,-1,0)
47:(1,0,1,-1,1)
48:(1,0,1,0,-1)
49:(1,0,1,0,0)
50:(1,0,1,0,1)
51:(1,0,1,1,-1)
52:(1,0,1,1,0)
53:(1,0,1,1,1)
54:(1,1,-1,-1,-1)
55:(1,1,-1,-1,0)
56:(1,1,-1,-1,1)
57:(1,1,-1,0,-1)
58:(1,1,-1,0,0)
59:(1,1,-1,0,1)
60:(1,1,-1,1,-1)
61:(1,1,-1,1,0)
62:(1,1,-1,1,1)
63:(1,1,0,-1,-1)
64:(1,1,0,-1,0)
65:(1,1,0,-1,1)
66:(1,1,0,0,-1)
67:(1,1,0,0,0)
68:(1,1,0,0,1)
69:(1,1,0,1,-1)
70:(1,1,0,1,0)
71:(1,1,0,1,1)
72:(1,1,1,-1,-1)
73:(1,1,1,-1,0)
74:(1,1,1,-1,1)
75:(1,1,1,0,-1)
76:(1,1,1,0,0)
77:(1,1,1,0,1)
78:(1,1,1,1,-1)
79:(1,1,1,1,0)
80:(1,1,1,1,1)
81:(2,-1,-1,-1,-1)
82:(2,-1,-1,-1,0)
83:(2,-1,-1,-1,1)
84:(2,-1,-1,0,-1)
85:(2,-1,-1,0,0)
86:(2,-1,-1,0,1)
87:(2,-1,-1,1,-1)
88:(2,-1,-1,1,0)
89:(2,-1,-1,1,1)
90:(2,-1,0,-1,-1)
91:(2,-1,0,-1,0)
92:(2,-1,0,-1,1)
93:(2,-1,0,0,-1)
94:(2,-1,0,0,0)
95:(2,-1,0,0,1)
96:(2,-1,0,1,-1)
97:(2,-1,0,1,0)
98:(2,-1,0,1,1)
99:(2,-1,1,-1,-1)
100:(2,-1,1,-1,0)
101:(2,-1,1,-1,1)
102:(2,-1,1,0,-1)
103:(2,-1,1,0,0)
104:(2,-1,1,0,1)
105:(2,-1,1,1,-1)
106:(2,-1,1,1,0)
107:(2,-1,1,1,1)
108:(2,0,-1,-1,-1)
109:(2,0,-1,-1,0)
110:(2,0,-1,-1,1)
111:(2,0,-1,0,-1)
112:(2,0,-1,0,0)
113:(2,0,-1,0,1)
114:(2,0,-1,1,-1)
115:(2,0,-1,1,0)
116:(2,0,-1,1,1)
117:(2,0,0,-1,-1)
118:(2,0,0,-1,0)
119:(2,0,0,-1,1)
120:(2,0,0,0,-1)
121:(2,0,0,0,0)
122:(2,0,0,0,1)
123:(2,0,0,1,-1)
124:(2,0,0,1,0)
125:(2,0,0,1,1)
126:(2,0,1,-1,-1)
127:(2,0,1,-1,0)
128:(2,0,1,-1,1)
129:(2,0,1,0,-1)
130:(2,0,1,0,0)
131:(2,0,1,0,1)
132:(2,0,1,1,-1)
133:(2,0,1,1,0)
134:(2,0,1,1,1)
135:(2,1,-1,-1,-1)
136:(2,1,-1,-1,0)
137:(2,1,-1,-1,1)
138:(2,1,-1,0,-1)
139:(2,1,-1,0,0)
140:(2,1,-1,0,1)
141:(2,1,-1,1,-1)
142:(2,1,-1,1,0)
143:(2,1,-1,1,1)
144:(2,1,0,-1,-1)
145:(2,1,0,-1,0)
146:(2,1,0,-1,1)
147:(2,1,0,0,-1)
148:(2,1,0,0,0)
149:(2,1,0,0,1)
150:(2,1,0,1,-1)
151:(2,1,0,1,0)
152:(2,1,0,1,1)
153:(2,1,1,-1,-1)
154:(2,1,1,-1,0)
155:(2,1,1,-1,1)
156:(2,1,1,0,-1)
157:(2,1,1,0,0)
158:(2,1,1,0,1)
159:(2,1,1,1,-1)
160:(2,1,1,1,0)
161:(2,1,1,1,1)
162:(3,-1,-1,-1,-1)
163:(3,-1,-1,-1,0)
164:(3,-1,-1,-1,1)
165:(3,-1,-1,0,-1)
166:(3,-1,-1,0,0)
167:(3,-1,-1,0,1)
168:(3,-1,-1,1,-1)
169:(3,-1,-1,1,0)
170:(3,-1,-1,1,1)
171:(3,-1,0,-1,-1)
172:(3,-1,0,-1,0)
173:(3,-1,0,-1,1)
174:(3,-1,0,0,-1)
175:(3,-1,0,0,0)
176:(3,-1,0,0,1)
177:(3,-1,0,1,-1)
178:(3,-1,0,1,0)
179:(3,-1,0,1,1)
180:(3,-1,1,-1,-1)
181:(3,-1,1,-1,0)
182:(3,-1,1,-1,1)
183:(3,-1,1,0,-1)
184:(3,-1,1,0,0)
185:(3,-1,1,0,1)
186:(3,-1,1,1,-1)
187:(3,-1,1,1,0)
188:(3,-1,1,1,1)
189:(3,0,-1,-1,-1)
190:(3,0,-1,-1,0)
191:(3,0,-1,-1,1)
192:(3,0,-1,0,-1)
193:(3,0,-1,0,0)
194:(3,0,-1,0,1)
195:(3,0,-1,1,-1)
196:(3,0,-1,1,0)
197:(3,0,-1,1,1)
198:(3,0,0,-1,-1)
199:(3,0,0,-1,0)
200:(3,0,0,-1,1)
201:(3,0,0,0,-1)
202:(3,0,0,0,0)
203:(3,0,0,0,1)
204:(3,0,0,1,-1)
205:(3,0,0,1,0)
206:(3,0,0,1,1)
207:(3,0,1,-1,-1)
208:(3,0,1,-1,0)
209:(3,0,1,-1,1)
210:(3,0,1,0,-1)
211:(3,0,1,0,0)
212:(3,0,1,0,1)
213:(3,0,1,1,-1)
214:(3,0,1,1,0)
215:(3,0,1,1,1)
216:(3,1,-1,-1,-1)
217:(3,1,-1,-1,0)
218:(3,1,-1,-1,1)
219:(3,1,-1,0,-1)
220:(3,1,-1,0,0)
221:(3,1,-1,0,1)
222:(3,1,-1,1,-1)
223:(3,1,-1,1,0)
224:(3,1,-1,1,1)
225:(3,1,0,-1,-1)
226:(3,1,0,-1,0)
227:(3,1,0,-1,1)
228:(3,1,0,0,-1)
229:(3,1,0,0,0)
230:(3,1,0,0,1)
231:(3,1,0,1,-1)
232:(3,1,0,1,0)
233:(3,1,0,1,1)
234:(3,1,1,-1,-1)
235:(3,1,1,-1,0)
236:(3,1,1,-1,1)
237:(3,1,1,0,-1)
238:(3,1,1,0,0)
239:(3,1,1,0,1)
240:(3,1,1,1,-1)
241:(3,1,1,1,0)
242:(3,1,1,1,1)
243:(4,-1,-1,-1,-1)
244:(4,-1,-1,-1,0)
245:(4,-1,-1,-1,1)
246:(4,-1,-1,0,-1)
247:(4,-1,-1,0,0)
248:(4,-1,-1,0,1)
249:(4,-1,-1,1,-1)
250:(4,-1,-1,1,0)
251:(4,-1,-1,1,1)
252:(4,-1,0,-1,-1)
253:(4,-1,0,-1,0)
254:(4,-1,0,-1,1)
255:(4,-1,0,0,-1)
256:(4,-1,0,0,0)
257:(4,-1,0,0,1)
258:(4,-1,0,1,-1)
259:(4,-1,0,1,0)
260:(4,-1,0,1,1)
261:(4,-1,1,-1,-1)
262:(4,-1,1,-1,0)
263:(4,-1,1,-1,1)
264:(4,-1,1,0,-1)
265:(4,-1,1,0,0)
266:(4,-1,1,0,1)
267:(4,-1,1,1,-1)
268:(4,-1,1,1,0)
269:(4,-1,1,1,1)
270:(4,0,-1,-1,-1)
271:(4,0,-1,-1,0)
272:(4,0,-1,-1,1)
273:(4,0,-1,0,-1)
274:(4,0,-1,0,0)
275:(4,0,-1,0,1)
276:(4,0,-1,1,-1)
277:(4,0,-1,1,0)
278:(4,0,-1,1,1)
279:(4,0,0,-1,-1)
280:(4,0,0,-1,0)
281:(4,0,0,-1,1)
282:(4,0,0,0,-1)
283:(4,0,0,0,0)
284:(4,0,0,0,1)
285:(4,0,0,1,-1)
286:(4,0,0,1,0)
287:(4,0,0,1,1)
288:(4,0,1,-1,-1)
289:(4,0,1,-1,0)
290:(4,0,1,-1,1)
291:(4,0,1,0,-1)
292:(4,0,1,0,0)
293:(4,0,1,0,1)
294:(4,0,1,1,-1)
295:(4,0,1,1,0)
296:(4,0,1,1,1)
297:(4,1,-1,-1,-1)
298:(4,1,-1,-1,0)
299:(4,1,-1,-1,1)
300:(4,1,-1,0,-1)
301:(4,1,-1,0,0)
302:(4,1,-1,0,1)
303:(4,1,-1,1,-1)
304:(4,1,-1,1,0)
305:(4,1,-1,1,1)
306:(4,1,0,-1,-1)
307:(4,1,0,-1,0)
308:(4,1,0,-1,1)
309:(4,1,0,0,-1)
310:(4,1,0,0,0)
311:(4,1,0,0,1)
312:(4,1,0,1,-1)
313:(4,1,0,1,0)
314:(4,1,0,1,1)
315:(4,1,1,-1,-1)
316:(4,1,1,-1,0)
317:(4,1,1,-1,1)
318:(4,1,1,0,-1)
319:(4,1,1,0,0)
320:(4,1,1,0,1)
321:(4,1,1,1,-1)
322:(4,1,1,1,0)
323:(4,1,1,1,1)
